<?xml version="1.0" encoding="UTF-8"?>
<testsuite xmlns:xsi="http://www.w3.org/2001/XMLSchema-instance" xsi:noNamespaceSchemaLocation="https://maven.apache.org/surefire/maven-surefire-plugin/xsd/surefire-test-report-3.0.xsd" version="3.0" name="se.stefue.serverlessorderapi.service.OrderServiceTest" time="0.012" tests="3" errors="0" skipped="0" failures="0">
  <properties>
[...]
</properties>
  <testcase name="shouldThrowWhenOrderIsNotFound" classname="se.stefue.serverlessorderapi.service.OrderServiceTest" time="0.005"/>
  <testcase name="shouldCreateOrder" classname="se.stefue.serverlessorderapi.service.OrderServiceTest" time="0.002"/>
  <testcase name="shouldGetOrderById" classname="se.stefue.serverlessorderapi.service.OrderServiceTest" time="0.001"/>
</testsuite>